<?xml version="1.0" encoding="UTF-8" ?>
<testsuite failures="0" time="0.032" errors="0" skipped="0" tests="1" name="cn.test.browser.AppTest">
  <properties>
    <property name="java.runtime.name" value="Java(TM) SE Runtime Environment"/>
    <property name="sun.boot.library.path" value="D:\Program Files\jdk1.7.0_80\jre\bin"/>
    <property name="java.vm.version" value="24.80-b11"/>
    <property name="java.vm.vendor" value="Oracle Corporation"/>
    <property name="java.vendor.url" value="http://java.oracle.com/"/>
    <property name="path.separator" value=";"/>
    <property name="java.vm.name" value="Java HotSpot(TM) Client VM"/>
    <property name="file.encoding.pkg" value="sun.io"/>
    <property name="user.script" value=""/>
    <property name="user.country" value="CN"/>
    <property name="sun.java.launcher" value="SUN_STANDARD"/>
    <property name="sun.os.patch.level" value=""/>
    <property name="java.vm.specification.name" value="Java Virtual Machine Specification"/>
    <property name="user.dir" value="D:\work\git_repo\xiong\browser"/>
    <property name="java.runtime.version" value="1.7.0_80-b15"/>
    <property name="java.awt.graphicsenv" value="sun.awt.Win32GraphicsEnvironment"/>
    <property name="basedir" value="D:\work\git_repo\xiong\browser"/>
    <property name="java.endorsed.dirs" value="D:\Program Files\jdk1.7.0_80\jre\lib\endorsed"/>
    <property name="os.arch" value="x86"/>
    <property name="surefire.real.class.path" value="D:\work\git_repo\xiong\browser\target\surefire\surefirebooter421436621427008139.jar"/>
    <property name="java.io.tmpdir" value="C:\Users\upup\AppData\Local\Temp\"/>
    <property name="line.separator" value="
"/>
    <property name="java.vm.specification.vendor" value="Oracle Corporation"/>
    <property name="user.variant" value=""/>
    <property name="os.name" value="Windows 8.1"/>
    <property name="sun.jnu.encoding" value="GBK"/>
    <property name="java.library.path" value="D:\Program Files\jdk1.7.0_80\jre\bin;C:\WINDOWS\Sun\Java\bin;C:\WINDOWS\system32;C:\WINDOWS;C:/Program Files/Java/jdk1.8.0_181/bin/../jre/bin/server;C:/Program Files/Java/jdk1.8.0_181/bin/../jre/bin;C:/Program Files/Java/jdk1.8.0_181/bin/../jre/lib/amd64;C:\Program Files (x86)\Intel\Intel(R) Management Engine Components\iCLS\;C:\Program Files\Intel\Intel(R) Management Engine Components\iCLS\;C:\windows\system32;C:\windows;C:\windows\System32\Wbem;C:\windows\System32\WindowsPowerShell\v1.0\;C:\Program Files (x86)\NVIDIA Corporation\PhysX\Common;c:\Program Files (x86)\HP\HP Performance Advisor;C:\Program Files\Java\jdk1.8.0_181\bin;C:\WINDOWS\system32;C:\WINDOWS;C:\WINDOWS\System32\Wbem;C:\WINDOWS\System32\WindowsPowerShell\v1.0\;C:\WINDOWS\System32\OpenSSH\;D:\apache-maven-3.6.0\\bin\;C:\Program Files\TortoiseSVN\bin;C:\Program Files (x86)\Common Files\Thunder Network\KanKan\Codecs;C:\Program Files (x86)\Intel\Intel(R) Management Engine Components\DAL;C:\Program Files\Intel\Intel(R) Management Engine Components\DAL;C:\Program Files (x86)\Intel\Intel(R) Management Engine Components\IPT;C:\Program Files\Intel\Intel(R) Management Engine Components\IPT;C:\Program Files (x86)\Calibre2\;C:\Program Files\Intel\WiFi\bin\;C:\Program Files\Common Files\Intel\WirelessCommon\;C:\Program Files\TortoiseGit\bin;C:\Users\upup\AppData\Local\Programs\Python\Launcher\;C:\Users\upup\AppData\Local\Microsoft\WindowsApps;C:\Users\upup\AppData\Local\atom\bin;C:\Users\upup\AppData\Local\Programs\Fiddler;C:\Users\upup\AppData\Local\Microsoft\WindowsApps;;D:\Program Files\eclipse-indigo;;."/>
    <property name="surefire.test.class.path" value="D:\work\git_repo\xiong\browser\target\test-classes;D:\work\git_repo\xiong\browser\target\classes;D:\apache-maven-repository\com\hynnet\DJNativeSwing\1.0.0\DJNativeSwing-1.0.0.jar;D:\apache-maven-repository\com\hynnet\DJNativeSwing-SWT\1.0.0\DJNativeSwing-SWT-1.0.0.jar;D:\apache-maven-repository\org\eclipse\swt\3.3.0-v3346\swt-3.3.0-v3346.jar;D:\apache-maven-repository\org\eclipse\swt\org.eclipse.swt.win32.win32.x86\4.3\org.eclipse.swt.win32.win32.x86-4.3.jar;D:\apache-maven-repository\junit\junit\4.11\junit-4.11.jar;D:\apache-maven-repository\org\hamcrest\hamcrest-core\1.3\hamcrest-core-1.3.jar;"/>
    <property name="java.specification.name" value="Java Platform API Specification"/>
    <property name="java.class.version" value="51.0"/>
    <property name="sun.management.compiler" value="HotSpot Client Compiler"/>
    <property name="os.version" value="6.3"/>
    <property name="user.home" value="C:\Users\upup"/>
    <property name="user.timezone" value=""/>
    <property name="java.awt.printerjob" value="sun.awt.windows.WPrinterJob"/>
    <property name="java.specification.version" value="1.7"/>
    <property name="file.encoding" value="GBK"/>
    <property name="user.name" value="upup"/>
    <property name="java.class.path" value="D:\work\git_repo\xiong\browser\target\test-classes;D:\work\git_repo\xiong\browser\target\classes;D:\apache-maven-repository\com\hynnet\DJNativeSwing\1.0.0\DJNativeSwing-1.0.0.jar;D:\apache-maven-repository\com\hynnet\DJNativeSwing-SWT\1.0.0\DJNativeSwing-SWT-1.0.0.jar;D:\apache-maven-repository\org\eclipse\swt\3.3.0-v3346\swt-3.3.0-v3346.jar;D:\apache-maven-repository\org\eclipse\swt\org.eclipse.swt.win32.win32.x86\4.3\org.eclipse.swt.win32.win32.x86-4.3.jar;D:\apache-maven-repository\junit\junit\4.11\junit-4.11.jar;D:\apache-maven-repository\org\hamcrest\hamcrest-core\1.3\hamcrest-core-1.3.jar;"/>
    <property name="java.vm.specification.version" value="1.7"/>
    <property name="sun.arch.data.model" value="32"/>
    <property name="java.home" value="D:\Program Files\jdk1.7.0_80\jre"/>
    <property name="sun.java.command" value="D:\work\git_repo\xiong\browser\target\surefire\surefirebooter421436621427008139.jar D:\work\git_repo\xiong\browser\target\surefire\surefire7681234952224354267tmp D:\work\git_repo\xiong\browser\target\surefire\surefire1181220164623287124tmp"/>
    <property name="java.specification.vendor" value="Oracle Corporation"/>
    <property name="user.language" value="zh"/>
    <property name="awt.toolkit" value="sun.awt.windows.WToolkit"/>
    <property name="java.vm.info" value="mixed mode, sharing"/>
    <property name="java.version" value="1.7.0_80"/>
    <property name="java.ext.dirs" value="D:\Program Files\jdk1.7.0_80\jre\lib\ext;C:\WINDOWS\Sun\Java\lib\ext"/>
    <property name="sun.boot.class.path" value="D:\Program Files\jdk1.7.0_80\jre\lib\resources.jar;D:\Program Files\jdk1.7.0_80\jre\lib\rt.jar;D:\Program Files\jdk1.7.0_80\jre\lib\sunrsasign.jar;D:\Program Files\jdk1.7.0_80\jre\lib\jsse.jar;D:\Program Files\jdk1.7.0_80\jre\lib\jce.jar;D:\Program Files\jdk1.7.0_80\jre\lib\charsets.jar;D:\Program Files\jdk1.7.0_80\jre\lib\jfr.jar;D:\Program Files\jdk1.7.0_80\jre\classes"/>
    <property name="java.vendor" value="Oracle Corporation"/>
    <property name="localRepository" value="D:\apache-maven-repository"/>
    <property name="file.separator" value="\"/>
    <property name="java.vendor.url.bug" value="http://bugreport.sun.com/bugreport/"/>
    <property name="sun.cpu.endian" value="little"/>
    <property name="sun.io.unicode.encoding" value="UnicodeLittle"/>
    <property name="sun.desktop" value="windows"/>
    <property name="sun.cpu.isalist" value="pentium_pro+mmx pentium_pro pentium+mmx pentium i486 i386 i86"/>
  </properties>
  <testcase time="0" classname="cn.test.browser.AppTest" name="shouldAnswerWithTrue"/>
</testsuite>